<?xml version="1.0" encoding="UTF-8"?>
<!-- Generated by org.testng.reporters.JUnitReportReporter -->
<testsuite skipped="0" hostname="Vershok-Alex" name="by.tut.jobsearch.JobSearchTest" tests="1" failures="0" timestamp="17 Mar 2017 14:50:44 GMT" time="20.200" errors="0">
  <testcase name="testTutBy" time="20.200" classname="by.tut.jobsearch.JobSearchTest"/>
</testsuite> <!-- by.tut.jobsearch.JobSearchTest -->
